<?xml version="1.0" encoding="UTF-8"?>
<!-- Generated by org.testng.reporters.JUnitReportReporter -->
<testsuite hostname="MyRihan" failures="0" tests="1" name="package1.project1.TestNg_LanchGoogle" time="5.257" errors="0" timestamp="2024-10-28T11:51:08 IST" skipped="0">
  <testcase classname="package1.project1.TestNg_LanchGoogle" name="testcase" time="5.257"/>
  <system-out/>
</testsuite> <!-- package1.project1.TestNg_LanchGoogle -->
