<?xml version="1.0" encoding="UTF-8"?>
<!-- Generated by org.testng.reporters.JUnitReportReporter -->
<testsuite hostname="MyRihan" failures="0" tests="1" name="Test.TestCase3" time="46.536" errors="0" timestamp="2024-11-09T00:00:14 IST" skipped="0">
  <testcase classname="Test.TestCase3" name="wishlist" time="46.536"/>
  <system-out/>
</testsuite> <!-- Test.TestCase3 -->
