<?xml version="1.0" encoding="UTF-8"?>
<!-- Generated by org.testng.reporters.JUnitReportReporter -->
<testsuite hostname="MyRihan" failures="0" tests="1" name="Test.TestCase1" time="16.059" errors="0" timestamp="2024-11-14T18:08:40 IST" skipped="0">
  <testcase classname="Test.TestCase1" name="LogintoAmazon" time="16.059"/>
</testsuite> <!-- Test.TestCase1 -->
